time="2021-12-03 10:20:15" level=warning Agent="Mozilla/5.0 (X11; Linux x86_64) AppleWebKit/537.36 (KHTML, like Gecko) Chrome/93.0.4577.63 Safari/537.36" DataSize=0 HostName=arch IP="::1" Method=GET Path=/api/v1/login SpendTime="1 ms" status=404
time="2021-12-03 10:21:04" level=info Agent="Mozilla/5.0 (X11; Linux x86_64) AppleWebKit/537.36 (KHTML, like Gecko) Chrome/93.0.4577.63 Safari/537.36" DataSize=0 HostName=arch IP="::1" Method=OPTIONS Path=/api/v1/login SpendTime="1 ms" status=204
time="2021-12-03 10:21:04" level=info Agent="Mozilla/5.0 (X11; Linux x86_64) AppleWebKit/537.36 (KHTML, like Gecko) Chrome/93.0.4577.63 Safari/537.36" DataSize=51 HostName=arch IP="::1" Method=POST Path=/api/v1/login SpendTime="28 ms" status=200
time="2021-12-03 10:23:23" level=info Agent="Mozilla/5.0 (X11; Linux x86_64) AppleWebKit/537.36 (KHTML, like Gecko) Chrome/93.0.4577.63 Safari/537.36" DataSize=0 HostName=arch IP="::1" Method=OPTIONS Path=/api/v1/login SpendTime="1 ms" status=204
time="2021-12-03 10:23:23" level=info Agent="Mozilla/5.0 (X11; Linux x86_64) AppleWebKit/537.36 (KHTML, like Gecko) Chrome/93.0.4577.63 Safari/537.36" DataSize=51 HostName=arch IP="::1" Method=POST Path=/api/v1/login SpendTime="30 ms" status=200
time="2021-12-03 10:23:33" level=info Agent="Mozilla/5.0 (X11; Linux x86_64) AppleWebKit/537.36 (KHTML, like Gecko) Chrome/93.0.4577.63 Safari/537.36" DataSize=0 HostName=arch IP="::1" Method=OPTIONS Path=/api/v1/login SpendTime="1 ms" status=204
time="2021-12-03 10:23:33" level=info Agent="Mozilla/5.0 (X11; Linux x86_64) AppleWebKit/537.36 (KHTML, like Gecko) Chrome/93.0.4577.63 Safari/537.36" DataSize=51 HostName=arch IP="::1" Method=POST Path=/api/v1/login SpendTime="52 ms" status=200
time="2021-12-03 10:24:11" level=info Agent="Mozilla/5.0 (X11; Linux x86_64) AppleWebKit/537.36 (KHTML, like Gecko) Chrome/93.0.4577.63 Safari/537.36" DataSize=0 HostName=arch IP="::1" Method=OPTIONS Path=/api/v1/login SpendTime="1 ms" status=204
time="2021-12-03 10:24:11" level=info Agent="Mozilla/5.0 (X11; Linux x86_64) AppleWebKit/537.36 (KHTML, like Gecko) Chrome/93.0.4577.63 Safari/537.36" DataSize=51 HostName=arch IP="::1" Method=POST Path=/api/v1/login SpendTime="29 ms" status=200
time="2021-12-03 10:25:49" level=info Agent=PostmanRuntime/7.28.4 DataSize=51 HostName=arch IP="::1" Method=POST Path=/api/v1/login SpendTime="39 ms" status=200
time="2021-12-03 10:26:20" level=info Agent=PostmanRuntime/7.28.4 DataSize=40 HostName=arch IP="::1" Method=PUT Path=/api/v1/user/3 SpendTime="1 ms" status=200
time="2021-12-03 10:26:35" level=info Agent=PostmanRuntime/7.28.4 DataSize=185 HostName=arch IP="::1" Method=POST Path=/api/v1/login SpendTime="28 ms" status=200
time="2021-12-03 10:26:46" level=info Agent=PostmanRuntime/7.28.4 DataSize=40 HostName=arch IP="::1" Method=PUT Path=/api/v1/user/3 SpendTime="1 ms" status=200
time="2021-12-03 10:26:51" level=info Agent=PostmanRuntime/7.28.4 DataSize=49 HostName=arch IP="::1" Method=PUT Path=/api/v1/user/3 SpendTime="2 ms" status=200
time="2021-12-03 10:27:07" level=info Agent=PostmanRuntime/7.28.4 DataSize=29 HostName=arch IP="::1" Method=PUT Path=/api/v1/user/3 SpendTime="2 ms" status=200
time="2021-12-03 10:27:15" level=info Agent=PostmanRuntime/7.28.4 DataSize=54 HostName=arch IP="::1" Method=POST Path=/api/v1/login SpendTime="1 ms" status=200
time="2021-12-03 10:27:22" level=info Agent=PostmanRuntime/7.28.4 DataSize=54 HostName=arch IP="::1" Method=POST Path=/api/v1/login SpendTime="2 ms" status=200
time="2021-12-03 10:27:30" level=info Agent=PostmanRuntime/7.28.4 DataSize=54 HostName=arch IP="::1" Method=POST Path=/api/v1/login SpendTime="1 ms" status=200
time="2021-12-03 10:28:03" level=info Agent=PostmanRuntime/7.28.4 DataSize=40 HostName=arch IP="::1" Method=POST Path=/api/v1/user/add SpendTime="1 ms" status=200
time="2021-12-03 10:28:09" level=info Agent=PostmanRuntime/7.28.4 DataSize=67 HostName=arch IP="::1" Method=POST Path=/api/v1/user/add SpendTime="1 ms" status=200
time="2021-12-03 10:28:15" level=info Agent=PostmanRuntime/7.28.4 DataSize=48 HostName=arch IP="::1" Method=POST Path=/api/v1/user/add SpendTime="1 ms" status=200
time="2021-12-03 10:28:19" level=info Agent=PostmanRuntime/7.28.4 DataSize=55 HostName=arch IP="::1" Method=POST Path=/api/v1/user/add SpendTime="1 ms" status=200
time="2021-12-03 10:28:22" level=info Agent=PostmanRuntime/7.28.4 DataSize=219 HostName=arch IP="::1" Method=POST Path=/api/v1/user/add SpendTime="32 ms" status=200
time="2021-12-03 10:28:39" level=info Agent="Mozilla/5.0 (X11; Linux x86_64) AppleWebKit/537.36 (KHTML, like Gecko) Chrome/93.0.4577.63 Safari/537.36" DataSize=0 HostName=arch IP="::1" Method=OPTIONS Path=/api/v1/login SpendTime="1 ms" status=204
time="2021-12-03 10:28:39" level=info Agent="Mozilla/5.0 (X11; Linux x86_64) AppleWebKit/537.36 (KHTML, like Gecko) Chrome/93.0.4577.63 Safari/537.36" DataSize=57 HostName=arch IP="::1" Method=POST Path=/api/v1/login SpendTime="29 ms" status=200
time="2021-12-03 10:28:59" level=info Agent="Mozilla/5.0 (X11; Linux x86_64) AppleWebKit/537.36 (KHTML, like Gecko) Chrome/93.0.4577.63 Safari/537.36" DataSize=0 HostName=arch IP="::1" Method=OPTIONS Path=/api/v1/login SpendTime="1 ms" status=204
time="2021-12-03 10:28:59" level=info Agent="Mozilla/5.0 (X11; Linux x86_64) AppleWebKit/537.36 (KHTML, like Gecko) Chrome/93.0.4577.63 Safari/537.36" DataSize=187 HostName=arch IP="::1" Method=POST Path=/api/v1/login SpendTime="29 ms" status=200
time="2021-12-03 10:32:31" level=info Agent="Mozilla/5.0 (X11; Linux x86_64) AppleWebKit/537.36 (KHTML, like Gecko) Chrome/93.0.4577.63 Safari/537.36" DataSize=0 HostName=arch IP="::1" Method=OPTIONS Path=/api/v1/login SpendTime="1 ms" status=204
time="2021-12-03 10:32:31" level=info Agent="Mozilla/5.0 (X11; Linux x86_64) AppleWebKit/537.36 (KHTML, like Gecko) Chrome/93.0.4577.63 Safari/537.36" DataSize=187 HostName=arch IP="::1" Method=POST Path=/api/v1/login SpendTime="54 ms" status=200
time="2021-12-03 10:32:57" level=info Agent="Mozilla/5.0 (X11; Linux x86_64) AppleWebKit/537.36 (KHTML, like Gecko) Chrome/93.0.4577.63 Safari/537.36" DataSize=0 HostName=arch IP="::1" Method=OPTIONS Path=/api/v1/login SpendTime="1 ms" status=204
time="2021-12-03 10:32:57" level=info Agent="Mozilla/5.0 (X11; Linux x86_64) AppleWebKit/537.36 (KHTML, like Gecko) Chrome/93.0.4577.63 Safari/537.36" DataSize=187 HostName=arch IP="::1" Method=POST Path=/api/v1/login SpendTime="49 ms" status=200
time="2021-12-03 10:33:24" level=info Agent="Mozilla/5.0 (X11; Linux x86_64) AppleWebKit/537.36 (KHTML, like Gecko) Chrome/93.0.4577.63 Safari/537.36" DataSize=0 HostName=arch IP="::1" Method=OPTIONS Path=/api/v1/login SpendTime="1 ms" status=204
time="2021-12-03 10:33:24" level=info Agent="Mozilla/5.0 (X11; Linux x86_64) AppleWebKit/537.36 (KHTML, like Gecko) Chrome/93.0.4577.63 Safari/537.36" DataSize=187 HostName=arch IP="::1" Method=POST Path=/api/v1/login SpendTime="39 ms" status=200
time="2021-12-03 10:33:32" level=info Agent="Mozilla/5.0 (X11; Linux x86_64) AppleWebKit/537.36 (KHTML, like Gecko) Chrome/93.0.4577.63 Safari/537.36" DataSize=0 HostName=arch IP="::1" Method=OPTIONS Path=/api/v1/login SpendTime="1 ms" status=204
time="2021-12-03 10:33:32" level=info Agent="Mozilla/5.0 (X11; Linux x86_64) AppleWebKit/537.36 (KHTML, like Gecko) Chrome/93.0.4577.63 Safari/537.36" DataSize=187 HostName=arch IP="::1" Method=POST Path=/api/v1/login SpendTime="35 ms" status=200
time="2021-12-03 10:34:04" level=info Agent="Mozilla/5.0 (X11; Linux x86_64) AppleWebKit/537.36 (KHTML, like Gecko) Chrome/93.0.4577.63 Safari/537.36" DataSize=0 HostName=arch IP="::1" Method=OPTIONS Path=/api/v1/login SpendTime="1 ms" status=204
time="2021-12-03 10:34:04" level=info Agent="Mozilla/5.0 (X11; Linux x86_64) AppleWebKit/537.36 (KHTML, like Gecko) Chrome/93.0.4577.63 Safari/537.36" DataSize=187 HostName=arch IP="::1" Method=POST Path=/api/v1/login SpendTime="38 ms" status=200
time="2021-12-03 10:35:48" level=info Agent="Mozilla/5.0 (X11; Linux x86_64) AppleWebKit/537.36 (KHTML, like Gecko) Chrome/93.0.4577.63 Safari/537.36" DataSize=0 HostName=arch IP="::1" Method=OPTIONS Path=/api/v1/login SpendTime="1 ms" status=204
time="2021-12-03 10:35:48" level=info Agent="Mozilla/5.0 (X11; Linux x86_64) AppleWebKit/537.36 (KHTML, like Gecko) Chrome/93.0.4577.63 Safari/537.36" DataSize=187 HostName=arch IP="::1" Method=POST Path=/api/v1/login SpendTime="30 ms" status=200
time="2021-12-03 10:36:26" level=info Agent="Mozilla/5.0 (X11; Linux x86_64) AppleWebKit/537.36 (KHTML, like Gecko) Chrome/93.0.4577.63 Safari/537.36" DataSize=0 HostName=arch IP="::1" Method=OPTIONS Path=/api/v1/login SpendTime="1 ms" status=204
time="2021-12-03 10:36:26" level=info Agent="Mozilla/5.0 (X11; Linux x86_64) AppleWebKit/537.36 (KHTML, like Gecko) Chrome/93.0.4577.63 Safari/537.36" DataSize=187 HostName=arch IP="::1" Method=POST Path=/api/v1/login SpendTime="40 ms" status=200
time="2021-12-03 10:38:09" level=info Agent="Mozilla/5.0 (X11; Linux x86_64) AppleWebKit/537.36 (KHTML, like Gecko) Chrome/93.0.4577.63 Safari/537.36" DataSize=0 HostName=arch IP="::1" Method=OPTIONS Path=/api/v1/login SpendTime="1 ms" status=204
time="2021-12-03 10:38:09" level=info Agent="Mozilla/5.0 (X11; Linux x86_64) AppleWebKit/537.36 (KHTML, like Gecko) Chrome/93.0.4577.63 Safari/537.36" DataSize=187 HostName=arch IP="::1" Method=POST Path=/api/v1/login SpendTime="40 ms" status=200
time="2021-12-03 10:39:21" level=info Agent="Mozilla/5.0 (X11; Linux x86_64) AppleWebKit/537.36 (KHTML, like Gecko) Chrome/93.0.4577.63 Safari/537.36" DataSize=0 HostName=arch IP="::1" Method=OPTIONS Path=/api/v1/login SpendTime="1 ms" status=204
time="2021-12-03 10:39:21" level=info Agent="Mozilla/5.0 (X11; Linux x86_64) AppleWebKit/537.36 (KHTML, like Gecko) Chrome/93.0.4577.63 Safari/537.36" DataSize=187 HostName=arch IP="::1" Method=POST Path=/api/v1/login SpendTime="41 ms" status=200
time="2021-12-03 10:39:49" level=info Agent="Mozilla/5.0 (X11; Linux x86_64) AppleWebKit/537.36 (KHTML, like Gecko) Chrome/93.0.4577.63 Safari/537.36" DataSize=0 HostName=arch IP="::1" Method=OPTIONS Path=/api/v1/login SpendTime="1 ms" status=204
time="2021-12-03 10:39:49" level=info Agent="Mozilla/5.0 (X11; Linux x86_64) AppleWebKit/537.36 (KHTML, like Gecko) Chrome/93.0.4577.63 Safari/537.36" DataSize=187 HostName=arch IP="::1" Method=POST Path=/api/v1/login SpendTime="30 ms" status=200
time="2021-12-03 10:40:23" level=info Agent="Mozilla/5.0 (X11; Linux x86_64) AppleWebKit/537.36 (KHTML, like Gecko) Chrome/93.0.4577.63 Safari/537.36" DataSize=0 HostName=arch IP="::1" Method=OPTIONS Path=/api/v1/login SpendTime="1 ms" status=204
time="2021-12-03 10:40:23" level=info Agent="Mozilla/5.0 (X11; Linux x86_64) AppleWebKit/537.36 (KHTML, like Gecko) Chrome/93.0.4577.63 Safari/537.36" DataSize=54 HostName=arch IP="::1" Method=POST Path=/api/v1/login SpendTime="2 ms" status=200
time="2021-12-03 10:41:36" level=info Agent="Mozilla/5.0 (X11; Linux x86_64) AppleWebKit/537.36 (KHTML, like Gecko) Chrome/93.0.4577.63 Safari/537.36" DataSize=0 HostName=arch IP="::1" Method=OPTIONS Path=/api/v1/login SpendTime="1 ms" status=204
time="2021-12-03 10:41:36" level=info Agent="Mozilla/5.0 (X11; Linux x86_64) AppleWebKit/537.36 (KHTML, like Gecko) Chrome/93.0.4577.63 Safari/537.36" DataSize=54 HostName=arch IP="::1" Method=POST Path=/api/v1/login SpendTime="2 ms" status=200
time="2021-12-03 10:43:22" level=info Agent="Mozilla/5.0 (X11; Linux x86_64) AppleWebKit/537.36 (KHTML, like Gecko) Chrome/93.0.4577.63 Safari/537.36" DataSize=0 HostName=arch IP="::1" Method=OPTIONS Path=/api/v1/login SpendTime="1 ms" status=204
time="2021-12-03 10:43:22" level=info Agent="Mozilla/5.0 (X11; Linux x86_64) AppleWebKit/537.36 (KHTML, like Gecko) Chrome/93.0.4577.63 Safari/537.36" DataSize=54 HostName=arch IP="::1" Method=POST Path=/api/v1/login SpendTime="1 ms" status=200
time="2021-12-03 10:43:38" level=info Agent="Mozilla/5.0 (X11; Linux x86_64) AppleWebKit/537.36 (KHTML, like Gecko) Chrome/93.0.4577.63 Safari/537.36" DataSize=0 HostName=arch IP="::1" Method=OPTIONS Path=/api/v1/login SpendTime="1 ms" status=204
time="2021-12-03 10:43:38" level=info Agent="Mozilla/5.0 (X11; Linux x86_64) AppleWebKit/537.36 (KHTML, like Gecko) Chrome/93.0.4577.63 Safari/537.36" DataSize=54 HostName=arch IP="::1" Method=POST Path=/api/v1/login SpendTime="2 ms" status=200
time="2021-12-03 10:44:02" level=info Agent="Mozilla/5.0 (X11; Linux x86_64) AppleWebKit/537.36 (KHTML, like Gecko) Chrome/93.0.4577.63 Safari/537.36" DataSize=0 HostName=arch IP="::1" Method=OPTIONS Path=/api/v1/login SpendTime="1 ms" status=204
time="2021-12-03 10:44:02" level=info Agent="Mozilla/5.0 (X11; Linux x86_64) AppleWebKit/537.36 (KHTML, like Gecko) Chrome/93.0.4577.63 Safari/537.36" DataSize=54 HostName=arch IP="::1" Method=POST Path=/api/v1/login SpendTime="1 ms" status=200
time="2021-12-03 10:44:31" level=info Agent="Mozilla/5.0 (X11; Linux x86_64) AppleWebKit/537.36 (KHTML, like Gecko) Chrome/93.0.4577.63 Safari/537.36" DataSize=0 HostName=arch IP="::1" Method=OPTIONS Path=/api/v1/login SpendTime="1 ms" status=204
time="2021-12-03 10:44:31" level=info Agent="Mozilla/5.0 (X11; Linux x86_64) AppleWebKit/537.36 (KHTML, like Gecko) Chrome/93.0.4577.63 Safari/537.36" DataSize=51 HostName=arch IP="::1" Method=POST Path=/api/v1/login SpendTime="34 ms" status=200
time="2021-12-03 10:44:32" level=info Agent="Mozilla/5.0 (X11; Linux x86_64) AppleWebKit/537.36 (KHTML, like Gecko) Chrome/93.0.4577.63 Safari/537.36" DataSize=51 HostName=arch IP="::1" Method=POST Path=/api/v1/login SpendTime="46 ms" status=200
time="2021-12-03 10:44:39" level=info Agent="Mozilla/5.0 (X11; Linux x86_64) AppleWebKit/537.36 (KHTML, like Gecko) Chrome/93.0.4577.63 Safari/537.36" DataSize=0 HostName=arch IP="::1" Method=OPTIONS Path=/api/v1/login SpendTime="1 ms" status=204
time="2021-12-03 10:44:39" level=info Agent="Mozilla/5.0 (X11; Linux x86_64) AppleWebKit/537.36 (KHTML, like Gecko) Chrome/93.0.4577.63 Safari/537.36" DataSize=54 HostName=arch IP="::1" Method=POST Path=/api/v1/login SpendTime="1 ms" status=200
time="2021-12-03 11:48:02" level=info Agent="Mozilla/5.0 (X11; Linux x86_64) AppleWebKit/537.36 (KHTML, like Gecko) Chrome/93.0.4577.63 Safari/537.36" DataSize=0 HostName=arch IP="::1" Method=OPTIONS Path=/api/v1/login SpendTime="1 ms" status=204
time="2021-12-03 11:48:02" level=info Agent="Mozilla/5.0 (X11; Linux x86_64) AppleWebKit/537.36 (KHTML, like Gecko) Chrome/93.0.4577.63 Safari/537.36" DataSize=54 HostName=arch IP="::1" Method=POST Path=/api/v1/login SpendTime="2 ms" status=200
time="2021-12-03 11:49:08" level=info Agent="Mozilla/5.0 (X11; Linux x86_64) AppleWebKit/537.36 (KHTML, like Gecko) Chrome/93.0.4577.63 Safari/537.36" DataSize=0 HostName=arch IP="::1" Method=OPTIONS Path=/api/v1/login SpendTime="1 ms" status=204
time="2021-12-03 11:49:08" level=info Agent="Mozilla/5.0 (X11; Linux x86_64) AppleWebKit/537.36 (KHTML, like Gecko) Chrome/93.0.4577.63 Safari/537.36" DataSize=51 HostName=arch IP="::1" Method=POST Path=/api/v1/login SpendTime="32 ms" status=200
time="2021-12-03 11:52:34" level=info Agent="Mozilla/5.0 (X11; Linux x86_64) AppleWebKit/537.36 (KHTML, like Gecko) Chrome/93.0.4577.63 Safari/537.36" DataSize=0 HostName=arch IP="::1" Method=OPTIONS Path=/api/v1/login SpendTime="1 ms" status=204
time="2021-12-03 11:52:34" level=info Agent="Mozilla/5.0 (X11; Linux x86_64) AppleWebKit/537.36 (KHTML, like Gecko) Chrome/93.0.4577.63 Safari/537.36" DataSize=51 HostName=arch IP="::1" Method=POST Path=/api/v1/login SpendTime="35 ms" status=200
time="2021-12-03 11:52:37" level=info Agent="Mozilla/5.0 (X11; Linux x86_64) AppleWebKit/537.36 (KHTML, like Gecko) Chrome/93.0.4577.63 Safari/537.36" DataSize=187 HostName=arch IP="::1" Method=POST Path=/api/v1/login SpendTime="34 ms" status=200
