time="2021-12-03T10:20:15+08:00" level=warning Agent="Mozilla/5.0 (X11; Linux x86_64) AppleWebKit/537.36 (KHTML, like Gecko) Chrome/93.0.4577.63 Safari/537.36" DataSize=0 HostName=arch IP="::1" Method=GET Path=/api/v1/login SpendTime="1 ms" status=404
time="2021-12-03T10:21:04+08:00" level=info Agent="Mozilla/5.0 (X11; Linux x86_64) AppleWebKit/537.36 (KHTML, like Gecko) Chrome/93.0.4577.63 Safari/537.36" DataSize=0 HostName=arch IP="::1" Method=OPTIONS Path=/api/v1/login SpendTime="1 ms" status=204
time="2021-12-03T10:21:04+08:00" level=info Agent="Mozilla/5.0 (X11; Linux x86_64) AppleWebKit/537.36 (KHTML, like Gecko) Chrome/93.0.4577.63 Safari/537.36" DataSize=51 HostName=arch IP="::1" Method=POST Path=/api/v1/login SpendTime="28 ms" status=200
time="2021-12-03T10:23:23+08:00" level=info Agent="Mozilla/5.0 (X11; Linux x86_64) AppleWebKit/537.36 (KHTML, like Gecko) Chrome/93.0.4577.63 Safari/537.36" DataSize=0 HostName=arch IP="::1" Method=OPTIONS Path=/api/v1/login SpendTime="1 ms" status=204
time="2021-12-03T10:23:23+08:00" level=info Agent="Mozilla/5.0 (X11; Linux x86_64) AppleWebKit/537.36 (KHTML, like Gecko) Chrome/93.0.4577.63 Safari/537.36" DataSize=51 HostName=arch IP="::1" Method=POST Path=/api/v1/login SpendTime="30 ms" status=200
time="2021-12-03T10:23:33+08:00" level=info Agent="Mozilla/5.0 (X11; Linux x86_64) AppleWebKit/537.36 (KHTML, like Gecko) Chrome/93.0.4577.63 Safari/537.36" DataSize=0 HostName=arch IP="::1" Method=OPTIONS Path=/api/v1/login SpendTime="1 ms" status=204
time="2021-12-03T10:23:33+08:00" level=info Agent="Mozilla/5.0 (X11; Linux x86_64) AppleWebKit/537.36 (KHTML, like Gecko) Chrome/93.0.4577.63 Safari/537.36" DataSize=51 HostName=arch IP="::1" Method=POST Path=/api/v1/login SpendTime="52 ms" status=200
time="2021-12-03T10:24:11+08:00" level=info Agent="Mozilla/5.0 (X11; Linux x86_64) AppleWebKit/537.36 (KHTML, like Gecko) Chrome/93.0.4577.63 Safari/537.36" DataSize=0 HostName=arch IP="::1" Method=OPTIONS Path=/api/v1/login SpendTime="1 ms" status=204
time="2021-12-03T10:24:11+08:00" level=info Agent="Mozilla/5.0 (X11; Linux x86_64) AppleWebKit/537.36 (KHTML, like Gecko) Chrome/93.0.4577.63 Safari/537.36" DataSize=51 HostName=arch IP="::1" Method=POST Path=/api/v1/login SpendTime="29 ms" status=200
time="2021-12-03T10:25:49+08:00" level=info Agent=PostmanRuntime/7.28.4 DataSize=51 HostName=arch IP="::1" Method=POST Path=/api/v1/login SpendTime="39 ms" status=200
time="2021-12-03T10:26:20+08:00" level=info Agent=PostmanRuntime/7.28.4 DataSize=40 HostName=arch IP="::1" Method=PUT Path=/api/v1/user/3 SpendTime="1 ms" status=200
time="2021-12-03T10:26:35+08:00" level=info Agent=PostmanRuntime/7.28.4 DataSize=185 HostName=arch IP="::1" Method=POST Path=/api/v1/login SpendTime="28 ms" status=200
time="2021-12-03T10:26:46+08:00" level=info Agent=PostmanRuntime/7.28.4 DataSize=40 HostName=arch IP="::1" Method=PUT Path=/api/v1/user/3 SpendTime="1 ms" status=200
time="2021-12-03T10:26:51+08:00" level=info Agent=PostmanRuntime/7.28.4 DataSize=49 HostName=arch IP="::1" Method=PUT Path=/api/v1/user/3 SpendTime="2 ms" status=200
time="2021-12-03T10:27:07+08:00" level=info Agent=PostmanRuntime/7.28.4 DataSize=29 HostName=arch IP="::1" Method=PUT Path=/api/v1/user/3 SpendTime="2 ms" status=200
time="2021-12-03T10:27:15+08:00" level=info Agent=PostmanRuntime/7.28.4 DataSize=54 HostName=arch IP="::1" Method=POST Path=/api/v1/login SpendTime="1 ms" status=200
time="2021-12-03T10:27:22+08:00" level=info Agent=PostmanRuntime/7.28.4 DataSize=54 HostName=arch IP="::1" Method=POST Path=/api/v1/login SpendTime="2 ms" status=200
time="2021-12-03T10:27:30+08:00" level=info Agent=PostmanRuntime/7.28.4 DataSize=54 HostName=arch IP="::1" Method=POST Path=/api/v1/login SpendTime="1 ms" status=200
time="2021-12-03T10:28:03+08:00" level=info Agent=PostmanRuntime/7.28.4 DataSize=40 HostName=arch IP="::1" Method=POST Path=/api/v1/user/add SpendTime="1 ms" status=200
time="2021-12-03T10:28:09+08:00" level=info Agent=PostmanRuntime/7.28.4 DataSize=67 HostName=arch IP="::1" Method=POST Path=/api/v1/user/add SpendTime="1 ms" status=200
time="2021-12-03T10:28:15+08:00" level=info Agent=PostmanRuntime/7.28.4 DataSize=48 HostName=arch IP="::1" Method=POST Path=/api/v1/user/add SpendTime="1 ms" status=200
time="2021-12-03T10:28:19+08:00" level=info Agent=PostmanRuntime/7.28.4 DataSize=55 HostName=arch IP="::1" Method=POST Path=/api/v1/user/add SpendTime="1 ms" status=200
time="2021-12-03T10:28:22+08:00" level=info Agent=PostmanRuntime/7.28.4 DataSize=219 HostName=arch IP="::1" Method=POST Path=/api/v1/user/add SpendTime="32 ms" status=200
time="2021-12-03T10:28:39+08:00" level=info Agent="Mozilla/5.0 (X11; Linux x86_64) AppleWebKit/537.36 (KHTML, like Gecko) Chrome/93.0.4577.63 Safari/537.36" DataSize=0 HostName=arch IP="::1" Method=OPTIONS Path=/api/v1/login SpendTime="1 ms" status=204
time="2021-12-03T10:28:39+08:00" level=info Agent="Mozilla/5.0 (X11; Linux x86_64) AppleWebKit/537.36 (KHTML, like Gecko) Chrome/93.0.4577.63 Safari/537.36" DataSize=57 HostName=arch IP="::1" Method=POST Path=/api/v1/login SpendTime="29 ms" status=200
time="2021-12-03T10:28:59+08:00" level=info Agent="Mozilla/5.0 (X11; Linux x86_64) AppleWebKit/537.36 (KHTML, like Gecko) Chrome/93.0.4577.63 Safari/537.36" DataSize=0 HostName=arch IP="::1" Method=OPTIONS Path=/api/v1/login SpendTime="1 ms" status=204
time="2021-12-03T10:28:59+08:00" level=info Agent="Mozilla/5.0 (X11; Linux x86_64) AppleWebKit/537.36 (KHTML, like Gecko) Chrome/93.0.4577.63 Safari/537.36" DataSize=187 HostName=arch IP="::1" Method=POST Path=/api/v1/login SpendTime="29 ms" status=200
time="2021-12-03T10:32:31+08:00" level=info Agent="Mozilla/5.0 (X11; Linux x86_64) AppleWebKit/537.36 (KHTML, like Gecko) Chrome/93.0.4577.63 Safari/537.36" DataSize=0 HostName=arch IP="::1" Method=OPTIONS Path=/api/v1/login SpendTime="1 ms" status=204
time="2021-12-03T10:32:31+08:00" level=info Agent="Mozilla/5.0 (X11; Linux x86_64) AppleWebKit/537.36 (KHTML, like Gecko) Chrome/93.0.4577.63 Safari/537.36" DataSize=187 HostName=arch IP="::1" Method=POST Path=/api/v1/login SpendTime="54 ms" status=200
time="2021-12-03T10:32:57+08:00" level=info Agent="Mozilla/5.0 (X11; Linux x86_64) AppleWebKit/537.36 (KHTML, like Gecko) Chrome/93.0.4577.63 Safari/537.36" DataSize=0 HostName=arch IP="::1" Method=OPTIONS Path=/api/v1/login SpendTime="1 ms" status=204
time="2021-12-03T10:32:57+08:00" level=info Agent="Mozilla/5.0 (X11; Linux x86_64) AppleWebKit/537.36 (KHTML, like Gecko) Chrome/93.0.4577.63 Safari/537.36" DataSize=187 HostName=arch IP="::1" Method=POST Path=/api/v1/login SpendTime="49 ms" status=200
time="2021-12-03T10:33:24+08:00" level=info Agent="Mozilla/5.0 (X11; Linux x86_64) AppleWebKit/537.36 (KHTML, like Gecko) Chrome/93.0.4577.63 Safari/537.36" DataSize=0 HostName=arch IP="::1" Method=OPTIONS Path=/api/v1/login SpendTime="1 ms" status=204
time="2021-12-03T10:33:24+08:00" level=info Agent="Mozilla/5.0 (X11; Linux x86_64) AppleWebKit/537.36 (KHTML, like Gecko) Chrome/93.0.4577.63 Safari/537.36" DataSize=187 HostName=arch IP="::1" Method=POST Path=/api/v1/login SpendTime="39 ms" status=200
time="2021-12-03T10:33:32+08:00" level=info Agent="Mozilla/5.0 (X11; Linux x86_64) AppleWebKit/537.36 (KHTML, like Gecko) Chrome/93.0.4577.63 Safari/537.36" DataSize=0 HostName=arch IP="::1" Method=OPTIONS Path=/api/v1/login SpendTime="1 ms" status=204
time="2021-12-03T10:33:32+08:00" level=info Agent="Mozilla/5.0 (X11; Linux x86_64) AppleWebKit/537.36 (KHTML, like Gecko) Chrome/93.0.4577.63 Safari/537.36" DataSize=187 HostName=arch IP="::1" Method=POST Path=/api/v1/login SpendTime="35 ms" status=200
time="2021-12-03T10:34:04+08:00" level=info Agent="Mozilla/5.0 (X11; Linux x86_64) AppleWebKit/537.36 (KHTML, like Gecko) Chrome/93.0.4577.63 Safari/537.36" DataSize=0 HostName=arch IP="::1" Method=OPTIONS Path=/api/v1/login SpendTime="1 ms" status=204
time="2021-12-03T10:34:04+08:00" level=info Agent="Mozilla/5.0 (X11; Linux x86_64) AppleWebKit/537.36 (KHTML, like Gecko) Chrome/93.0.4577.63 Safari/537.36" DataSize=187 HostName=arch IP="::1" Method=POST Path=/api/v1/login SpendTime="38 ms" status=200
time="2021-12-03T10:35:48+08:00" level=info Agent="Mozilla/5.0 (X11; Linux x86_64) AppleWebKit/537.36 (KHTML, like Gecko) Chrome/93.0.4577.63 Safari/537.36" DataSize=0 HostName=arch IP="::1" Method=OPTIONS Path=/api/v1/login SpendTime="1 ms" status=204
time="2021-12-03T10:35:48+08:00" level=info Agent="Mozilla/5.0 (X11; Linux x86_64) AppleWebKit/537.36 (KHTML, like Gecko) Chrome/93.0.4577.63 Safari/537.36" DataSize=187 HostName=arch IP="::1" Method=POST Path=/api/v1/login SpendTime="30 ms" status=200
time="2021-12-03T10:36:26+08:00" level=info Agent="Mozilla/5.0 (X11; Linux x86_64) AppleWebKit/537.36 (KHTML, like Gecko) Chrome/93.0.4577.63 Safari/537.36" DataSize=0 HostName=arch IP="::1" Method=OPTIONS Path=/api/v1/login SpendTime="1 ms" status=204
time="2021-12-03T10:36:26+08:00" level=info Agent="Mozilla/5.0 (X11; Linux x86_64) AppleWebKit/537.36 (KHTML, like Gecko) Chrome/93.0.4577.63 Safari/537.36" DataSize=187 HostName=arch IP="::1" Method=POST Path=/api/v1/login SpendTime="40 ms" status=200
time="2021-12-03T10:38:09+08:00" level=info Agent="Mozilla/5.0 (X11; Linux x86_64) AppleWebKit/537.36 (KHTML, like Gecko) Chrome/93.0.4577.63 Safari/537.36" DataSize=0 HostName=arch IP="::1" Method=OPTIONS Path=/api/v1/login SpendTime="1 ms" status=204
time="2021-12-03T10:38:09+08:00" level=info Agent="Mozilla/5.0 (X11; Linux x86_64) AppleWebKit/537.36 (KHTML, like Gecko) Chrome/93.0.4577.63 Safari/537.36" DataSize=187 HostName=arch IP="::1" Method=POST Path=/api/v1/login SpendTime="40 ms" status=200
time="2021-12-03T10:39:21+08:00" level=info Agent="Mozilla/5.0 (X11; Linux x86_64) AppleWebKit/537.36 (KHTML, like Gecko) Chrome/93.0.4577.63 Safari/537.36" DataSize=0 HostName=arch IP="::1" Method=OPTIONS Path=/api/v1/login SpendTime="1 ms" status=204
time="2021-12-03T10:39:21+08:00" level=info Agent="Mozilla/5.0 (X11; Linux x86_64) AppleWebKit/537.36 (KHTML, like Gecko) Chrome/93.0.4577.63 Safari/537.36" DataSize=187 HostName=arch IP="::1" Method=POST Path=/api/v1/login SpendTime="41 ms" status=200
time="2021-12-03T10:39:49+08:00" level=info Agent="Mozilla/5.0 (X11; Linux x86_64) AppleWebKit/537.36 (KHTML, like Gecko) Chrome/93.0.4577.63 Safari/537.36" DataSize=0 HostName=arch IP="::1" Method=OPTIONS Path=/api/v1/login SpendTime="1 ms" status=204
time="2021-12-03T10:39:49+08:00" level=info Agent="Mozilla/5.0 (X11; Linux x86_64) AppleWebKit/537.36 (KHTML, like Gecko) Chrome/93.0.4577.63 Safari/537.36" DataSize=187 HostName=arch IP="::1" Method=POST Path=/api/v1/login SpendTime="30 ms" status=200
time="2021-12-03T10:40:23+08:00" level=info Agent="Mozilla/5.0 (X11; Linux x86_64) AppleWebKit/537.36 (KHTML, like Gecko) Chrome/93.0.4577.63 Safari/537.36" DataSize=0 HostName=arch IP="::1" Method=OPTIONS Path=/api/v1/login SpendTime="1 ms" status=204
time="2021-12-03T10:40:23+08:00" level=info Agent="Mozilla/5.0 (X11; Linux x86_64) AppleWebKit/537.36 (KHTML, like Gecko) Chrome/93.0.4577.63 Safari/537.36" DataSize=54 HostName=arch IP="::1" Method=POST Path=/api/v1/login SpendTime="2 ms" status=200
time="2021-12-03T10:41:36+08:00" level=info Agent="Mozilla/5.0 (X11; Linux x86_64) AppleWebKit/537.36 (KHTML, like Gecko) Chrome/93.0.4577.63 Safari/537.36" DataSize=0 HostName=arch IP="::1" Method=OPTIONS Path=/api/v1/login SpendTime="1 ms" status=204
time="2021-12-03T10:41:36+08:00" level=info Agent="Mozilla/5.0 (X11; Linux x86_64) AppleWebKit/537.36 (KHTML, like Gecko) Chrome/93.0.4577.63 Safari/537.36" DataSize=54 HostName=arch IP="::1" Method=POST Path=/api/v1/login SpendTime="2 ms" status=200
time="2021-12-03T10:43:22+08:00" level=info Agent="Mozilla/5.0 (X11; Linux x86_64) AppleWebKit/537.36 (KHTML, like Gecko) Chrome/93.0.4577.63 Safari/537.36" DataSize=0 HostName=arch IP="::1" Method=OPTIONS Path=/api/v1/login SpendTime="1 ms" status=204
time="2021-12-03T10:43:22+08:00" level=info Agent="Mozilla/5.0 (X11; Linux x86_64) AppleWebKit/537.36 (KHTML, like Gecko) Chrome/93.0.4577.63 Safari/537.36" DataSize=54 HostName=arch IP="::1" Method=POST Path=/api/v1/login SpendTime="1 ms" status=200
time="2021-12-03T10:43:38+08:00" level=info Agent="Mozilla/5.0 (X11; Linux x86_64) AppleWebKit/537.36 (KHTML, like Gecko) Chrome/93.0.4577.63 Safari/537.36" DataSize=0 HostName=arch IP="::1" Method=OPTIONS Path=/api/v1/login SpendTime="1 ms" status=204
time="2021-12-03T10:43:38+08:00" level=info Agent="Mozilla/5.0 (X11; Linux x86_64) AppleWebKit/537.36 (KHTML, like Gecko) Chrome/93.0.4577.63 Safari/537.36" DataSize=54 HostName=arch IP="::1" Method=POST Path=/api/v1/login SpendTime="2 ms" status=200
time="2021-12-03T10:44:02+08:00" level=info Agent="Mozilla/5.0 (X11; Linux x86_64) AppleWebKit/537.36 (KHTML, like Gecko) Chrome/93.0.4577.63 Safari/537.36" DataSize=0 HostName=arch IP="::1" Method=OPTIONS Path=/api/v1/login SpendTime="1 ms" status=204
time="2021-12-03T10:44:02+08:00" level=info Agent="Mozilla/5.0 (X11; Linux x86_64) AppleWebKit/537.36 (KHTML, like Gecko) Chrome/93.0.4577.63 Safari/537.36" DataSize=54 HostName=arch IP="::1" Method=POST Path=/api/v1/login SpendTime="1 ms" status=200
time="2021-12-03T10:44:31+08:00" level=info Agent="Mozilla/5.0 (X11; Linux x86_64) AppleWebKit/537.36 (KHTML, like Gecko) Chrome/93.0.4577.63 Safari/537.36" DataSize=0 HostName=arch IP="::1" Method=OPTIONS Path=/api/v1/login SpendTime="1 ms" status=204
time="2021-12-03T10:44:31+08:00" level=info Agent="Mozilla/5.0 (X11; Linux x86_64) AppleWebKit/537.36 (KHTML, like Gecko) Chrome/93.0.4577.63 Safari/537.36" DataSize=51 HostName=arch IP="::1" Method=POST Path=/api/v1/login SpendTime="34 ms" status=200
time="2021-12-03T10:44:32+08:00" level=info Agent="Mozilla/5.0 (X11; Linux x86_64) AppleWebKit/537.36 (KHTML, like Gecko) Chrome/93.0.4577.63 Safari/537.36" DataSize=51 HostName=arch IP="::1" Method=POST Path=/api/v1/login SpendTime="46 ms" status=200
time="2021-12-03T10:44:39+08:00" level=info Agent="Mozilla/5.0 (X11; Linux x86_64) AppleWebKit/537.36 (KHTML, like Gecko) Chrome/93.0.4577.63 Safari/537.36" DataSize=0 HostName=arch IP="::1" Method=OPTIONS Path=/api/v1/login SpendTime="1 ms" status=204
time="2021-12-03T10:44:39+08:00" level=info Agent="Mozilla/5.0 (X11; Linux x86_64) AppleWebKit/537.36 (KHTML, like Gecko) Chrome/93.0.4577.63 Safari/537.36" DataSize=54 HostName=arch IP="::1" Method=POST Path=/api/v1/login SpendTime="1 ms" status=200
time="2021-12-03T11:48:02+08:00" level=info Agent="Mozilla/5.0 (X11; Linux x86_64) AppleWebKit/537.36 (KHTML, like Gecko) Chrome/93.0.4577.63 Safari/537.36" DataSize=0 HostName=arch IP="::1" Method=OPTIONS Path=/api/v1/login SpendTime="1 ms" status=204
time="2021-12-03T11:48:02+08:00" level=info Agent="Mozilla/5.0 (X11; Linux x86_64) AppleWebKit/537.36 (KHTML, like Gecko) Chrome/93.0.4577.63 Safari/537.36" DataSize=54 HostName=arch IP="::1" Method=POST Path=/api/v1/login SpendTime="2 ms" status=200
time="2021-12-03T11:49:08+08:00" level=info Agent="Mozilla/5.0 (X11; Linux x86_64) AppleWebKit/537.36 (KHTML, like Gecko) Chrome/93.0.4577.63 Safari/537.36" DataSize=0 HostName=arch IP="::1" Method=OPTIONS Path=/api/v1/login SpendTime="1 ms" status=204
time="2021-12-03T11:49:08+08:00" level=info Agent="Mozilla/5.0 (X11; Linux x86_64) AppleWebKit/537.36 (KHTML, like Gecko) Chrome/93.0.4577.63 Safari/537.36" DataSize=51 HostName=arch IP="::1" Method=POST Path=/api/v1/login SpendTime="32 ms" status=200
time="2021-12-03T11:52:34+08:00" level=info Agent="Mozilla/5.0 (X11; Linux x86_64) AppleWebKit/537.36 (KHTML, like Gecko) Chrome/93.0.4577.63 Safari/537.36" DataSize=0 HostName=arch IP="::1" Method=OPTIONS Path=/api/v1/login SpendTime="1 ms" status=204
time="2021-12-03T11:52:34+08:00" level=info Agent="Mozilla/5.0 (X11; Linux x86_64) AppleWebKit/537.36 (KHTML, like Gecko) Chrome/93.0.4577.63 Safari/537.36" DataSize=51 HostName=arch IP="::1" Method=POST Path=/api/v1/login SpendTime="35 ms" status=200
time="2021-12-03T11:52:37+08:00" level=info Agent="Mozilla/5.0 (X11; Linux x86_64) AppleWebKit/537.36 (KHTML, like Gecko) Chrome/93.0.4577.63 Safari/537.36" DataSize=187 HostName=arch IP="::1" Method=POST Path=/api/v1/login SpendTime="34 ms" status=200
